#
# There is insufficient memory for the Java Runtime Environment to continue.
# Native memory allocation (malloc) failed to allocate 32744 bytes. Error detail: Chunk::new
# Possible reasons:
#   The system is out of physical RAM or swap space
#   This process is running with CompressedOops enabled, and the Java Heap may be blocking the growth of the native heap
# Possible solutions:
#   Reduce memory load on the system
#   Increase physical memory or swap space
#   Check if swap backing store is full
#   Decrease Java heap size (-Xmx/-Xms)
#   Decrease number of Java threads
#   Decrease Java thread stack sizes (-Xss)
#   Set larger code cache with -XX:ReservedCodeCacheSize=
#   JVM is running with Unscaled Compressed Oops mode in which the Java heap is
#     placed in the first 4GB address space. The Java Heap base address is the
#     maximum limit for the native heap growth. Please use -XX:HeapBaseMinAddress
#     to set the Java Heap base and to place the Java Heap above 4GB virtual address.
# This output file may be truncated or incomplete.
#
#  Out of Memory Error (arena.cpp:150), pid=26124, tid=25228
#
# JRE version: OpenJDK Runtime Environment Temurin-22.0.2+9 (22.0.2+9) (build 22.0.2+9)
# Java VM: OpenJDK 64-Bit Server VM Temurin-22.0.2+9 (22.0.2+9, mixed mode, tiered, compressed oops, compressed class ptrs, g1 gc, windows-amd64)
# No core dump will be written. Minidumps are not enabled by default on client versions of Windows
#

---------------  S U M M A R Y ------------

Command Line: -Dfile.encoding=UTF-8 -Dstdout.encoding=UTF-8 -Dstderr.encoding=UTF-8 --module-path=D:\JAVA_PROJECTS\Travel_and_Tourism\Travel_and_Tourism\bin -XX:+ShowCodeDetailsInExceptionMessages -Djdk.module.main=Travel_and_Tourism Travel_and_Tourism/TravelandTourism.Paytm

Host: 12th Gen Intel(R) Core(TM) i5-1240P, 16 cores, 7G,  Windows 11 , 64 bit Build 22621 (10.0.22621.4391)
Time: Wed Dec 18 00:54:49 2024 India Standard Time elapsed time: 0.147997 seconds (0d 0h 0m 0s)

---------------  T H R E A D  ---------------

Current thread (0x0000014a32597de0):  JavaThread "C2 CompilerThread0" daemon [_thread_in_native, id=25228, stack(0x00000037e7200000,0x00000037e7300000) (1024K)]


Current CompileTask:
C2:148  235       4       java.util.HashMap::putVal (300 bytes)

Stack: [0x00000037e7200000,0x00000037e7300000]
Native frames: (J=compiled Java code, j=interpreted, Vv=VM code, C=native code)
V  [jvm.dll+0x6ea6a9]  (no source info available)
V  [jvm.dll+0x8cdbf3]  (no source info available)
V  [jvm.dll+0x8d001e]  (no source info available)
V  [jvm.dll+0x8d06f3]  (no source info available)
V  [jvm.dll+0x286dc6]  (no source info available)
V  [jvm.dll+0xc3b8f]  (no source info available)
V  [jvm.dll+0xc3deb]  (no source info available)
V  [jvm.dll+0x672d9b]  (no source info available)
V  [jvm.dll+0x678a59]  (no source info available)
V  [jvm.dll+0x6799c9]  (no source info available)
V  [jvm.dll+0x677dc5]  (no source info available)
V  [jvm.dll+0x24dc17]  (no source info available)
V  [jvm.dll+0x24d43f]  (no source info available)
V  [jvm.dll+0x1cacf0]  (no source info available)
V  [jvm.dll+0x25d312]  (no source info available)
V  [jvm.dll+0x25b5da]  (no source info available)
V  [jvm.dll+0x3fc036]  (no source info available)
V  [jvm.dll+0x875e6b]  (no source info available)
V  [jvm.dll+0x6e8da5]  (no source info available)
C  [ucrtbase.dll+0x29333]  (no source info available)
C  [KERNEL32.DLL+0x1259d]  (no source info available)
C  [ntdll.dll+0x5af38]  (no source info available)


---------------  P R O C E S S  ---------------

Threads class SMR info:
_java_thread_list=0x0000014a328a0db0, length=15, elements={
0x0000014a17883890, 0x0000014a325679e0, 0x0000014a32568440, 0x0000014a32547990,
0x0000014a32548000, 0x0000014a32596f70, 0x0000014a32574720, 0x0000014a32597de0,
0x0000014a32598c40, 0x0000014a326eae30, 0x0000014a328582e0, 0x0000014a328589a0,
0x0000014a3286d220, 0x0000014a328bfb50, 0x0000014a370821b0
}

Java Threads: ( => current thread )
  0x0000014a17883890 JavaThread "main"                              [_thread_in_vm, id=26592, stack(0x00000037e6400000,0x00000037e6500000) (1024K)]
  0x0000014a325679e0 JavaThread "Reference Handler"          daemon [_thread_blocked, id=24872, stack(0x00000037e6c00000,0x00000037e6d00000) (1024K)]
  0x0000014a32568440 JavaThread "Finalizer"                  daemon [_thread_blocked, id=25732, stack(0x00000037e6d00000,0x00000037e6e00000) (1024K)]
  0x0000014a32547990 JavaThread "Signal Dispatcher"          daemon [_thread_blocked, id=28204, stack(0x00000037e6e00000,0x00000037e6f00000) (1024K)]
  0x0000014a32548000 JavaThread "Attach Listener"            daemon [_thread_blocked, id=25996, stack(0x00000037e6f00000,0x00000037e7000000) (1024K)]
  0x0000014a32596f70 JavaThread "Service Thread"             daemon [_thread_blocked, id=28624, stack(0x00000037e7000000,0x00000037e7100000) (1024K)]
  0x0000014a32574720 JavaThread "Monitor Deflation Thread"   daemon [_thread_blocked, id=19592, stack(0x00000037e7100000,0x00000037e7200000) (1024K)]
=>0x0000014a32597de0 JavaThread "C2 CompilerThread0"         daemon [_thread_in_native, id=25228, stack(0x00000037e7200000,0x00000037e7300000) (1024K)]
  0x0000014a32598c40 JavaThread "C1 CompilerThread0"         daemon [_thread_blocked, id=24400, stack(0x00000037e7300000,0x00000037e7400000) (1024K)]
  0x0000014a326eae30 JavaThread "Common-Cleaner"             daemon [_thread_blocked, id=22356, stack(0x00000037e7400000,0x00000037e7500000) (1024K)]
  0x0000014a328582e0 JavaThread "C1 CompilerThread1"         daemon [_thread_blocked, id=24612, stack(0x00000037e7500000,0x00000037e7600000) (1024K)]
  0x0000014a328589a0 JavaThread "C1 CompilerThread2"         daemon [_thread_in_native, id=26392, stack(0x00000037e7600000,0x00000037e7700000) (1024K)]
  0x0000014a3286d220 JavaThread "C1 CompilerThread3"         daemon [_thread_in_native, id=27516, stack(0x00000037e7700000,0x00000037e7800000) (1024K)]
  0x0000014a328bfb50 JavaThread "Notification Thread"        daemon [_thread_blocked, id=18444, stack(0x00000037e7800000,0x00000037e7900000) (1024K)]
  0x0000014a370821b0 JavaThread "C2 CompilerThread1"         daemon [_thread_in_native, id=10684, stack(0x00000037e7900000,0x00000037e7a00000) (1024K)]
Total: 15

Other Threads:
  0x0000014a324c4110 VMThread "VM Thread"                           [id=3468, stack(0x00000037e6b00000,0x00000037e6c00000) (1024K)]
  0x0000014a32458d60 WatcherThread "VM Periodic Task Thread"        [id=28300, stack(0x00000037e6a00000,0x00000037e6b00000) (1024K)]
  0x0000014a17b25bf0 WorkerThread "GC Thread#0"                     [id=24384, stack(0x00000037e6500000,0x00000037e6600000) (1024K)]
  0x0000014a17b372f0 ConcurrentGCThread "G1 Main Marker"            [id=21956, stack(0x00000037e6600000,0x00000037e6700000) (1024K)]
  0x0000014a17b37e00 WorkerThread "G1 Conc#0"                       [id=25424, stack(0x00000037e6700000,0x00000037e6800000) (1024K)]
  0x0000014a17b8e2b0 ConcurrentGCThread "G1 Refine#0"               [id=14900, stack(0x00000037e6800000,0x00000037e6900000) (1024K)]
  0x0000014a3232d9d0 ConcurrentGCThread "G1 Service"                [id=2256, stack(0x00000037e6900000,0x00000037e6a00000) (1024K)]
Total: 7

Threads with active compile tasks:
C2 CompilerThread0  184  235       4       java.util.HashMap::putVal (300 bytes)
C1 CompilerThread2  184  273   !   3       java.util.zip.ZipFile$Source::checkAndAddEntry (354 bytes)
C1 CompilerThread3  184  279       3       java.util.zip.ZipCoder$UTF8ZipCoder::checkedHash (79 bytes)
C2 CompilerThread1  184  240       4       java.util.HashMap::newNode (13 bytes)
Total: 4

VM state: not at safepoint (normal execution)

VM Mutex/Monitor currently owned by a thread:  ([mutex/lock_event])
[0x00007fff253af380] AdapterHandlerLibrary_lock - owner thread: 0x0000014a17883890

Heap address: 0x0000000084800000, size: 1976 MB, Compressed Oops mode: 32-bit

CDS archive(s) not mapped
Compressed class space mapped at: 0x0000000022000000-0x0000000062000000, reserved size: 1073741824
Narrow klass base: 0x0000000000000000, Narrow klass shift: 0, Narrow klass range: 0x62000000

GC Precious Log:
 CardTable entry size: 512
 Card Set container configuration: InlinePtr #cards 5 size 8 Array Of Cards #cards 12 size 40 Howl #buckets 4 coarsen threshold 1843 Howl Bitmap #cards 512 size 80 coarsen threshold 460 Card regions per heap region 1 cards per card region 2048
 CPUs: 16 total, 16 available
 Memory: 7901M
 Large Page Support: Disabled
 NUMA Support: Disabled
 Compressed Oops: Enabled (32-bit)
 Heap Region Size: 1M
 Heap Min Capacity: 8M
 Heap Initial Capacity: 124M
 Heap Max Capacity: 1976M
 Pre-touch: Disabled
 Parallel Workers: 13
 Concurrent Workers: 3
 Concurrent Refinement Workers: 13
 Periodic GC: Disabled

Heap:
 garbage-first heap   total reserved 2023424K, committed 126976K, used 2048K [0x0000000084800000, 0x0000000100000000)
  region size 1024K, 3 young (3072K), 0 survivors (0K)
 Metaspace       used 8194K, committed 8384K, reserved 1114112K
  class space    used 713K, committed 832K, reserved 1048576K

Heap Regions: E=young(eden), S=young(survivor), O=old, HS=humongous(starts), HC=humongous(continues), CS=collection set, F=free, TAMS=top-at-mark-start, PB=parsable bottom
|   0|0x0000000084800000, 0x0000000084800000, 0x0000000084900000|  0%| F|  |TAMS 0x0000000084800000| PB 0x0000000084800000| Untracked |  0
|   1|0x0000000084900000, 0x0000000084900000, 0x0000000084a00000|  0%| F|  |TAMS 0x0000000084900000| PB 0x0000000084900000| Untracked |  0
|   2|0x0000000084a00000, 0x0000000084a00000, 0x0000000084b00000|  0%| F|  |TAMS 0x0000000084a00000| PB 0x0000000084a00000| Untracked |  0
|   3|0x0000000084b00000, 0x0000000084b00000, 0x0000000084c00000|  0%| F|  |TAMS 0x0000000084b00000| PB 0x0000000084b00000| Untracked |  0
|   4|0x0000000084c00000, 0x0000000084c00000, 0x0000000084d00000|  0%| F|  |TAMS 0x0000000084c00000| PB 0x0000000084c00000| Untracked |  0
|   5|0x0000000084d00000, 0x0000000084d00000, 0x0000000084e00000|  0%| F|  |TAMS 0x0000000084d00000| PB 0x0000000084d00000| Untracked |  0
|   6|0x0000000084e00000, 0x0000000084e00000, 0x0000000084f00000|  0%| F|  |TAMS 0x0000000084e00000| PB 0x0000000084e00000| Untracked |  0
|   7|0x0000000084f00000, 0x0000000084f00000, 0x0000000085000000|  0%| F|  |TAMS 0x0000000084f00000| PB 0x0000000084f00000| Untracked |  0
|   8|0x0000000085000000, 0x0000000085000000, 0x0000000085100000|  0%| F|  |TAMS 0x0000000085000000| PB 0x0000000085000000| Untracked |  0
|   9|0x0000000085100000, 0x0000000085100000, 0x0000000085200000|  0%| F|  |TAMS 0x0000000085100000| PB 0x0000000085100000| Untracked |  0
|  10|0x0000000085200000, 0x0000000085200000, 0x0000000085300000|  0%| F|  |TAMS 0x0000000085200000| PB 0x0000000085200000| Untracked |  0
|  11|0x0000000085300000, 0x0000000085300000, 0x0000000085400000|  0%| F|  |TAMS 0x0000000085300000| PB 0x0000000085300000| Untracked |  0
|  12|0x0000000085400000, 0x0000000085400000, 0x0000000085500000|  0%| F|  |TAMS 0x0000000085400000| PB 0x0000000085400000| Untracked |  0
|  13|0x0000000085500000, 0x0000000085500000, 0x0000000085600000|  0%| F|  |TAMS 0x0000000085500000| PB 0x0000000085500000| Untracked |  0
|  14|0x0000000085600000, 0x0000000085600000, 0x0000000085700000|  0%| F|  |TAMS 0x0000000085600000| PB 0x0000000085600000| Untracked |  0
|  15|0x0000000085700000, 0x0000000085700000, 0x0000000085800000|  0%| F|  |TAMS 0x0000000085700000| PB 0x0000000085700000| Untracked |  0
|  16|0x0000000085800000, 0x0000000085800000, 0x0000000085900000|  0%| F|  |TAMS 0x0000000085800000| PB 0x0000000085800000| Untracked |  0
|  17|0x0000000085900000, 0x0000000085900000, 0x0000000085a00000|  0%| F|  |TAMS 0x0000000085900000| PB 0x0000000085900000| Untracked |  0
|  18|0x0000000085a00000, 0x0000000085a00000, 0x0000000085b00000|  0%| F|  |TAMS 0x0000000085a00000| PB 0x0000000085a00000| Untracked |  0
|  19|0x0000000085b00000, 0x0000000085b00000, 0x0000000085c00000|  0%| F|  |TAMS 0x0000000085b00000| PB 0x0000000085b00000| Untracked |  0
|  20|0x0000000085c00000, 0x0000000085c00000, 0x0000000085d00000|  0%| F|  |TAMS 0x0000000085c00000| PB 0x0000000085c00000| Untracked |  0
|  21|0x0000000085d00000, 0x0000000085d00000, 0x0000000085e00000|  0%| F|  |TAMS 0x0000000085d00000| PB 0x0000000085d00000| Untracked |  0
|  22|0x0000000085e00000, 0x0000000085e00000, 0x0000000085f00000|  0%| F|  |TAMS 0x0000000085e00000| PB 0x0000000085e00000| Untracked |  0
|  23|0x0000000085f00000, 0x0000000085f00000, 0x0000000086000000|  0%| F|  |TAMS 0x0000000085f00000| PB 0x0000000085f00000| Untracked |  0
|  24|0x0000000086000000, 0x0000000086000000, 0x0000000086100000|  0%| F|  |TAMS 0x0000000086000000| PB 0x0000000086000000| Untracked |  0
|  25|0x0000000086100000, 0x0000000086100000, 0x0000000086200000|  0%| F|  |TAMS 0x0000000086100000| PB 0x0000000086100000| Untracked |  0
|  26|0x0000000086200000, 0x0000000086200000, 0x0000000086300000|  0%| F|  |TAMS 0x0000000086200000| PB 0x0000000086200000| Untracked |  0
|  27|0x0000000086300000, 0x0000000086300000, 0x0000000086400000|  0%| F|  |TAMS 0x0000000086300000| PB 0x0000000086300000| Untracked |  0
|  28|0x0000000086400000, 0x0000000086400000, 0x0000000086500000|  0%| F|  |TAMS 0x0000000086400000| PB 0x0000000086400000| Untracked |  0
|  29|0x0000000086500000, 0x0000000086500000, 0x0000000086600000|  0%| F|  |TAMS 0x0000000086500000| PB 0x0000000086500000| Untracked |  0
|  30|0x0000000086600000, 0x0000000086600000, 0x0000000086700000|  0%| F|  |TAMS 0x0000000086600000| PB 0x0000000086600000| Untracked |  0
|  31|0x0000000086700000, 0x0000000086700000, 0x0000000086800000|  0%| F|  |TAMS 0x0000000086700000| PB 0x0000000086700000| Untracked |  0
|  32|0x0000000086800000, 0x0000000086800000, 0x0000000086900000|  0%| F|  |TAMS 0x0000000086800000| PB 0x0000000086800000| Untracked |  0
|  33|0x0000000086900000, 0x0000000086900000, 0x0000000086a00000|  0%| F|  |TAMS 0x0000000086900000| PB 0x0000000086900000| Untracked |  0
|  34|0x0000000086a00000, 0x0000000086a00000, 0x0000000086b00000|  0%| F|  |TAMS 0x0000000086a00000| PB 0x0000000086a00000| Untracked |  0
|  35|0x0000000086b00000, 0x0000000086b00000, 0x0000000086c00000|  0%| F|  |TAMS 0x0000000086b00000| PB 0x0000000086b00000| Untracked |  0
|  36|0x0000000086c00000, 0x0000000086c00000, 0x0000000086d00000|  0%| F|  |TAMS 0x0000000086c00000| PB 0x0000000086c00000| Untracked |  0
|  37|0x0000000086d00000, 0x0000000086d00000, 0x0000000086e00000|  0%| F|  |TAMS 0x0000000086d00000| PB 0x0000000086d00000| Untracked |  0
|  38|0x0000000086e00000, 0x0000000086e00000, 0x0000000086f00000|  0%| F|  |TAMS 0x0000000086e00000| PB 0x0000000086e00000| Untracked |  0
|  39|0x0000000086f00000, 0x0000000086f00000, 0x0000000087000000|  0%| F|  |TAMS 0x0000000086f00000| PB 0x0000000086f00000| Untracked |  0
|  40|0x0000000087000000, 0x0000000087000000, 0x0000000087100000|  0%| F|  |TAMS 0x0000000087000000| PB 0x0000000087000000| Untracked |  0
|  41|0x0000000087100000, 0x0000000087100000, 0x0000000087200000|  0%| F|  |TAMS 0x0000000087100000| PB 0x0000000087100000| Untracked |  0
|  42|0x0000000087200000, 0x0000000087200000, 0x0000000087300000|  0%| F|  |TAMS 0x0000000087200000| PB 0x0000000087200000| Untracked |  0
|  43|0x0000000087300000, 0x0000000087300000, 0x0000000087400000|  0%| F|  |TAMS 0x0000000087300000| PB 0x0000000087300000| Untracked |  0
|  44|0x0000000087400000, 0x0000000087400000, 0x0000000087500000|  0%| F|  |TAMS 0x0000000087400000| PB 0x0000000087400000| Untracked |  0
|  45|0x0000000087500000, 0x0000000087500000, 0x0000000087600000|  0%| F|  |TAMS 0x0000000087500000| PB 0x0000000087500000| Untracked |  0
|  46|0x0000000087600000, 0x0000000087600000, 0x0000000087700000|  0%| F|  |TAMS 0x0000000087600000| PB 0x0000000087600000| Untracked |  0
|  47|0x0000000087700000, 0x0000000087700000, 0x0000000087800000|  0%| F|  |TAMS 0x0000000087700000| PB 0x0000000087700000| Untracked |  0
|  48|0x0000000087800000, 0x0000000087800000, 0x0000000087900000|  0%| F|  |TAMS 0x0000000087800000| PB 0x0000000087800000| Untracked |  0
|  49|0x0000000087900000, 0x0000000087900000, 0x0000000087a00000|  0%| F|  |TAMS 0x0000000087900000| PB 0x0000000087900000| Untracked |  0
|  50|0x0000000087a00000, 0x0000000087a00000, 0x0000000087b00000|  0%| F|  |TAMS 0x0000000087a00000| PB 0x0000000087a00000| Untracked |  0
|  51|0x0000000087b00000, 0x0000000087b00000, 0x0000000087c00000|  0%| F|  |TAMS 0x0000000087b00000| PB 0x0000000087b00000| Untracked |  0
|  52|0x0000000087c00000, 0x0000000087c00000, 0x0000000087d00000|  0%| F|  |TAMS 0x0000000087c00000| PB 0x0000000087c00000| Untracked |  0
|  53|0x0000000087d00000, 0x0000000087d00000, 0x0000000087e00000|  0%| F|  |TAMS 0x0000000087d00000| PB 0x0000000087d00000| Untracked |  0
|  54|0x0000000087e00000, 0x0000000087e00000, 0x0000000087f00000|  0%| F|  |TAMS 0x0000000087e00000| PB 0x0000000087e00000| Untracked |  0
|  55|0x0000000087f00000, 0x0000000087f00000, 0x0000000088000000|  0%| F|  |TAMS 0x0000000087f00000| PB 0x0000000087f00000| Untracked |  0
|  56|0x0000000088000000, 0x0000000088000000, 0x0000000088100000|  0%| F|  |TAMS 0x0000000088000000| PB 0x0000000088000000| Untracked |  0
|  57|0x0000000088100000, 0x0000000088100000, 0x0000000088200000|  0%| F|  |TAMS 0x0000000088100000| PB 0x0000000088100000| Untracked |  0
|  58|0x0000000088200000, 0x0000000088200000, 0x0000000088300000|  0%| F|  |TAMS 0x0000000088200000| PB 0x0000000088200000| Untracked |  0
|  59|0x0000000088300000, 0x0000000088300000, 0x0000000088400000|  0%| F|  |TAMS 0x0000000088300000| PB 0x0000000088300000| Untracked |  0
|  60|0x0000000088400000, 0x0000000088400000, 0x0000000088500000|  0%| F|  |TAMS 0x0000000088400000| PB 0x0000000088400000| Untracked |  0
|  61|0x0000000088500000, 0x0000000088500000, 0x0000000088600000|  0%| F|  |TAMS 0x0000000088500000| PB 0x0000000088500000| Untracked |  0
|  62|0x0000000088600000, 0x0000000088600000, 0x0000000088700000|  0%| F|  |TAMS 0x0000000088600000| PB 0x0000000088600000| Untracked |  0
|  63|0x0000000088700000, 0x0000000088700000, 0x0000000088800000|  0%| F|  |TAMS 0x0000000088700000| PB 0x0000000088700000| Untracked |  0
|  64|0x0000000088800000, 0x0000000088800000, 0x0000000088900000|  0%| F|  |TAMS 0x0000000088800000| PB 0x0000000088800000| Untracked |  0
|  65|0x0000000088900000, 0x0000000088900000, 0x0000000088a00000|  0%| F|  |TAMS 0x0000000088900000| PB 0x0000000088900000| Untracked |  0
|  66|0x0000000088a00000, 0x0000000088a00000, 0x0000000088b00000|  0%| F|  |TAMS 0x0000000088a00000| PB 0x0000000088a00000| Untracked |  0
|  67|0x0000000088b00000, 0x0000000088b00000, 0x0000000088c00000|  0%| F|  |TAMS 0x0000000088b00000| PB 0x0000000088b00000| Untracked |  0
|  68|0x0000000088c00000, 0x0000000088c00000, 0x0000000088d00000|  0%| F|  |TAMS 0x0000000088c00000| PB 0x0000000088c00000| Untracked |  0
|  69|0x0000000088d00000, 0x0000000088d00000, 0x0000000088e00000|  0%| F|  |TAMS 0x0000000088d00000| PB 0x0000000088d00000| Untracked |  0
|  70|0x0000000088e00000, 0x0000000088e00000, 0x0000000088f00000|  0%| F|  |TAMS 0x0000000088e00000| PB 0x0000000088e00000| Untracked |  0
|  71|0x0000000088f00000, 0x0000000088f00000, 0x0000000089000000|  0%| F|  |TAMS 0x0000000088f00000| PB 0x0000000088f00000| Untracked |  0
|  72|0x0000000089000000, 0x0000000089000000, 0x0000000089100000|  0%| F|  |TAMS 0x0000000089000000| PB 0x0000000089000000| Untracked |  0
|  73|0x0000000089100000, 0x0000000089100000, 0x0000000089200000|  0%| F|  |TAMS 0x0000000089100000| PB 0x0000000089100000| Untracked |  0
|  74|0x0000000089200000, 0x0000000089200000, 0x0000000089300000|  0%| F|  |TAMS 0x0000000089200000| PB 0x0000000089200000| Untracked |  0
|  75|0x0000000089300000, 0x0000000089300000, 0x0000000089400000|  0%| F|  |TAMS 0x0000000089300000| PB 0x0000000089300000| Untracked |  0
|  76|0x0000000089400000, 0x0000000089400000, 0x0000000089500000|  0%| F|  |TAMS 0x0000000089400000| PB 0x0000000089400000| Untracked |  0
|  77|0x0000000089500000, 0x0000000089500000, 0x0000000089600000|  0%| F|  |TAMS 0x0000000089500000| PB 0x0000000089500000| Untracked |  0
|  78|0x0000000089600000, 0x0000000089600000, 0x0000000089700000|  0%| F|  |TAMS 0x0000000089600000| PB 0x0000000089600000| Untracked |  0
|  79|0x0000000089700000, 0x0000000089700000, 0x0000000089800000|  0%| F|  |TAMS 0x0000000089700000| PB 0x0000000089700000| Untracked |  0
|  80|0x0000000089800000, 0x0000000089800000, 0x0000000089900000|  0%| F|  |TAMS 0x0000000089800000| PB 0x0000000089800000| Untracked |  0
|  81|0x0000000089900000, 0x0000000089900000, 0x0000000089a00000|  0%| F|  |TAMS 0x0000000089900000| PB 0x0000000089900000| Untracked |  0
|  82|0x0000000089a00000, 0x0000000089a00000, 0x0000000089b00000|  0%| F|  |TAMS 0x0000000089a00000| PB 0x0000000089a00000| Untracked |  0
|  83|0x0000000089b00000, 0x0000000089b00000, 0x0000000089c00000|  0%| F|  |TAMS 0x0000000089b00000| PB 0x0000000089b00000| Untracked |  0
|  84|0x0000000089c00000, 0x0000000089c00000, 0x0000000089d00000|  0%| F|  |TAMS 0x0000000089c00000| PB 0x0000000089c00000| Untracked |  0
|  85|0x0000000089d00000, 0x0000000089d00000, 0x0000000089e00000|  0%| F|  |TAMS 0x0000000089d00000| PB 0x0000000089d00000| Untracked |  0
|  86|0x0000000089e00000, 0x0000000089e00000, 0x0000000089f00000|  0%| F|  |TAMS 0x0000000089e00000| PB 0x0000000089e00000| Untracked |  0
|  87|0x0000000089f00000, 0x0000000089f00000, 0x000000008a000000|  0%| F|  |TAMS 0x0000000089f00000| PB 0x0000000089f00000| Untracked |  0
|  88|0x000000008a000000, 0x000000008a000000, 0x000000008a100000|  0%| F|  |TAMS 0x000000008a000000| PB 0x000000008a000000| Untracked |  0
|  89|0x000000008a100000, 0x000000008a100000, 0x000000008a200000|  0%| F|  |TAMS 0x000000008a100000| PB 0x000000008a100000| Untracked |  0
|  90|0x000000008a200000, 0x000000008a200000, 0x000000008a300000|  0%| F|  |TAMS 0x000000008a200000| PB 0x000000008a200000| Untracked |  0
|  91|0x000000008a300000, 0x000000008a300000, 0x000000008a400000|  0%| F|  |TAMS 0x000000008a300000| PB 0x000000008a300000| Untracked |  0
|  92|0x000000008a400000, 0x000000008a400000, 0x000000008a500000|  0%| F|  |TAMS 0x000000008a400000| PB 0x000000008a400000| Untracked |  0
|  93|0x000000008a500000, 0x000000008a500000, 0x000000008a600000|  0%| F|  |TAMS 0x000000008a500000| PB 0x000000008a500000| Untracked |  0
|  94|0x000000008a600000, 0x000000008a600000, 0x000000008a700000|  0%| F|  |TAMS 0x000000008a600000| PB 0x000000008a600000| Untracked |  0
|  95|0x000000008a700000, 0x000000008a700000, 0x000000008a800000|  0%| F|  |TAMS 0x000000008a700000| PB 0x000000008a700000| Untracked |  0
|  96|0x000000008a800000, 0x000000008a800000, 0x000000008a900000|  0%| F|  |TAMS 0x000000008a800000| PB 0x000000008a800000| Untracked |  0
|  97|0x000000008a900000, 0x000000008a900000, 0x000000008aa00000|  0%| F|  |TAMS 0x000000008a900000| PB 0x000000008a900000| Untracked |  0
|  98|0x000000008aa00000, 0x000000008aa00000, 0x000000008ab00000|  0%| F|  |TAMS 0x000000008aa00000| PB 0x000000008aa00000| Untracked |  0
|  99|0x000000008ab00000, 0x000000008ab00000, 0x000000008ac00000|  0%| F|  |TAMS 0x000000008ab00000| PB 0x000000008ab00000| Untracked |  0
| 100|0x000000008ac00000, 0x000000008ac00000, 0x000000008ad00000|  0%| F|  |TAMS 0x000000008ac00000| PB 0x000000008ac00000| Untracked |  0
| 101|0x000000008ad00000, 0x000000008ad00000, 0x000000008ae00000|  0%| F|  |TAMS 0x000000008ad00000| PB 0x000000008ad00000| Untracked |  0
| 102|0x000000008ae00000, 0x000000008ae00000, 0x000000008af00000|  0%| F|  |TAMS 0x000000008ae00000| PB 0x000000008ae00000| Untracked |  0
| 103|0x000000008af00000, 0x000000008af00000, 0x000000008b000000|  0%| F|  |TAMS 0x000000008af00000| PB 0x000000008af00000| Untracked |  0
| 104|0x000000008b000000, 0x000000008b000000, 0x000000008b100000|  0%| F|  |TAMS 0x000000008b000000| PB 0x000000008b000000| Untracked |  0
| 105|0x000000008b100000, 0x000000008b100000, 0x000000008b200000|  0%| F|  |TAMS 0x000000008b100000| PB 0x000000008b100000| Untracked |  0
| 106|0x000000008b200000, 0x000000008b200000, 0x000000008b300000|  0%| F|  |TAMS 0x000000008b200000| PB 0x000000008b200000| Untracked |  0
| 107|0x000000008b300000, 0x000000008b300000, 0x000000008b400000|  0%| F|  |TAMS 0x000000008b300000| PB 0x000000008b300000| Untracked |  0
| 108|0x000000008b400000, 0x000000008b400000, 0x000000008b500000|  0%| F|  |TAMS 0x000000008b400000| PB 0x000000008b400000| Untracked |  0
| 109|0x000000008b500000, 0x000000008b500000, 0x000000008b600000|  0%| F|  |TAMS 0x000000008b500000| PB 0x000000008b500000| Untracked |  0
| 110|0x000000008b600000, 0x000000008b600000, 0x000000008b700000|  0%| F|  |TAMS 0x000000008b600000| PB 0x000000008b600000| Untracked |  0
| 111|0x000000008b700000, 0x000000008b700000, 0x000000008b800000|  0%| F|  |TAMS 0x000000008b700000| PB 0x000000008b700000| Untracked |  0
| 112|0x000000008b800000, 0x000000008b800000, 0x000000008b900000|  0%| F|  |TAMS 0x000000008b800000| PB 0x000000008b800000| Untracked |  0
| 113|0x000000008b900000, 0x000000008b900000, 0x000000008ba00000|  0%| F|  |TAMS 0x000000008b900000| PB 0x000000008b900000| Untracked |  0
| 114|0x000000008ba00000, 0x000000008ba00000, 0x000000008bb00000|  0%| F|  |TAMS 0x000000008ba00000| PB 0x000000008ba00000| Untracked |  0
| 115|0x000000008bb00000, 0x000000008bb00000, 0x000000008bc00000|  0%| F|  |TAMS 0x000000008bb00000| PB 0x000000008bb00000| Untracked |  0
| 116|0x000000008bc00000, 0x000000008bc00000, 0x000000008bd00000|  0%| F|  |TAMS 0x000000008bc00000| PB 0x000000008bc00000| Untracked |  0
| 117|0x000000008bd00000, 0x000000008bd00000, 0x000000008be00000|  0%| F|  |TAMS 0x000000008bd00000| PB 0x000000008bd00000| Untracked |  0
| 118|0x000000008be00000, 0x000000008be00000, 0x000000008bf00000|  0%| F|  |TAMS 0x000000008be00000| PB 0x000000008be00000| Untracked |  0
| 119|0x000000008bf00000, 0x000000008bf00000, 0x000000008c000000|  0%| F|  |TAMS 0x000000008bf00000| PB 0x000000008bf00000| Untracked |  0
| 120|0x000000008c000000, 0x000000008c000000, 0x000000008c100000|  0%| F|  |TAMS 0x000000008c000000| PB 0x000000008c000000| Untracked |  0
| 121|0x000000008c100000, 0x000000008c200000, 0x000000008c200000|100%| E|  |TAMS 0x000000008c100000| PB 0x000000008c100000| Complete |  0
| 122|0x000000008c200000, 0x000000008c300000, 0x000000008c300000|100%| E|CS|TAMS 0x000000008c200000| PB 0x000000008c200000| Complete |  0
| 123|0x000000008c300000, 0x000000008c400000, 0x000000008c400000|100%| E|CS|TAMS 0x000000008c300000| PB 0x000000008c300000| Complete |  0

Card table byte_map: [0x0000014a2d170000,0x0000014a2d550000] _byte_map_base: 0x0000014a2cd4c000

Marking Bits: (CMBitMap*) 0x0000014a17b26300
 Bits: [0x0000014a2d550000, 0x0000014a2f430000)

Polling page: 0x0000014a17840000

Metaspace:

Usage:
  Non-class:      7.35 MB used.
      Class:    719.81 KB used.
       Both:      8.06 MB used.

Virtual space:
  Non-class space:       64.00 MB reserved,       7.44 MB ( 12%) committed,  1 nodes.
      Class space:        1.00 GB reserved,     832.00 KB ( <1%) committed,  1 nodes.
             Both:        1.06 GB reserved,       8.25 MB ( <1%) committed. 

Chunk freelists:
   Non-Class:  8.50 MB
       Class:  15.24 MB
        Both:  23.74 MB

MaxMetaspaceSize: unlimited
CompressedClassSpaceSize: 1.00 GB
Initial GC threshold: 21.00 MB
Current GC threshold: 21.00 MB
CDS: off
 - commit_granule_bytes: 65536.
 - commit_granule_words: 8192.
 - virtual_space_node_default_size: 8388608.
 - enlarge_chunks_in_place: 1.
 - use_allocation_guard: 0.


Internal statistics:

num_allocs_failed_limit: 0.
num_arena_births: 14.
num_arena_deaths: 0.
num_vsnodes_births: 2.
num_vsnodes_deaths: 0.
num_space_committed: 132.
num_space_uncommitted: 0.
num_chunks_returned_to_freelist: 0.
num_chunks_taken_from_freelist: 34.
num_chunk_merges: 0.
num_chunk_splits: 14.
num_chunks_enlarged: 5.
num_inconsistent_stats: 0.

CodeHeap 'non-profiled nmethods': size=119168Kb used=73Kb max_used=73Kb free=119094Kb
 bounds [0x0000014a24970000, 0x0000014a24be0000, 0x0000014a2bdd0000]
CodeHeap 'profiled nmethods': size=119104Kb used=347Kb max_used=347Kb free=118756Kb
 bounds [0x0000014a1cdd0000, 0x0000014a1d040000, 0x0000014a24220000]
CodeHeap 'non-nmethods': size=7488Kb used=3009Kb max_used=3023Kb free=4478Kb
 bounds [0x0000014a24220000, 0x0000014a24520000, 0x0000014a24970000]
 total_blobs=720 nmethods=286 adapters=336
 compilation: enabled
              stopped_count=0, restarted_count=0
 full_count=0

Compilation events (20 events):
Event: 0.142 Thread 0x0000014a328582e0 nmethod 234 0x0000014a1ce18110 code [0x0000014a1ce182a0, 0x0000014a1ce18420]
Event: 0.142 Thread 0x0000014a32597de0  235       4       java.util.HashMap::putVal (300 bytes)
Event: 0.142 Thread 0x0000014a32598c40  237       1       java.lang.module.ModuleDescriptor::exports (5 bytes)
Event: 0.142 Thread 0x0000014a32598c40 nmethod 237 0x0000014a2497ff10 code [0x0000014a249800a0, 0x0000014a24980168]
Event: 0.142 Thread 0x0000014a32598c40  238       3       java.util.ImmutableCollections$Set12::iterator (9 bytes)
Event: 0.142 Thread 0x0000014a328589a0  239       3       java.util.ImmutableCollections$Set12$1::<init> (32 bytes)
Event: 0.142 Thread 0x0000014a32598c40 nmethod 238 0x0000014a1ce18490 code [0x0000014a1ce18640, 0x0000014a1ce18918]
Event: 0.142 Thread 0x0000014a32598c40  241       3       java.util.HashSet::<init> (16 bytes)
Event: 0.142 Thread 0x0000014a328589a0 nmethod 239 0x0000014a1ce18a10 code [0x0000014a1ce18bc0, 0x0000014a1ce18de8]
Event: 0.143 Thread 0x0000014a32598c40 nmethod 241 0x0000014a1ce18f10 code [0x0000014a1ce190e0, 0x0000014a1ce194e0]
Event: 0.143 Thread 0x0000014a32598c40  242       3       java.util.AbstractMap::<init> (5 bytes)
Event: 0.143 Thread 0x0000014a32598c40 nmethod 242 0x0000014a1ce19690 code [0x0000014a1ce19820, 0x0000014a1ce19988]
Event: 0.143 Thread 0x0000014a3286d220  243       3       java.lang.module.ResolvedModule::name (11 bytes)
Event: 0.143 Thread 0x0000014a3286d220 nmethod 243 0x0000014a1ce19a90 code [0x0000014a1ce19c20, 0x0000014a1ce19d80]
Event: 0.143 Thread 0x0000014a328589a0  244       1       java.lang.module.ModuleDescriptor$Provides::service (5 bytes)
Event: 0.143 Thread 0x0000014a328589a0 nmethod 244 0x0000014a24980210 code [0x0000014a249803a0, 0x0000014a24980468]
Event: 0.146 Thread 0x0000014a328589a0  245       3       java.lang.StringUTF16::getChar (60 bytes)
Event: 0.146 Thread 0x0000014a328589a0 nmethod 245 0x0000014a1ce19e90 code [0x0000014a1ce1a020, 0x0000014a1ce1a190]
Event: 0.146 Thread 0x0000014a328589a0  246       3       java.lang.String::charAt (25 bytes)
Event: 0.147 Thread 0x0000014a328589a0 nmethod 246 0x0000014a1ce1a290 code [0x0000014a1ce1a480, 0x0000014a1ce1a9c0]

GC Heap History (0 events):
No events

Dll operation events (4 events):
Event: 0.007 Loaded shared library C:\Users\user\.p2\pool\plugins\org.eclipse.justj.openjdk.hotspot.jre.full.win32.x86_64_22.0.2.v20240802-1626\jre\bin\java.dll
Event: 0.011 Loaded shared library C:\Users\user\.p2\pool\plugins\org.eclipse.justj.openjdk.hotspot.jre.full.win32.x86_64_22.0.2.v20240802-1626\jre\bin\zip.dll
Event: 0.105 Loaded shared library C:\Users\user\.p2\pool\plugins\org.eclipse.justj.openjdk.hotspot.jre.full.win32.x86_64_22.0.2.v20240802-1626\jre\bin\net.dll
Event: 0.107 Loaded shared library C:\Users\user\.p2\pool\plugins\org.eclipse.justj.openjdk.hotspot.jre.full.win32.x86_64_22.0.2.v20240802-1626\jre\bin\nio.dll

Deoptimization events (8 events):
Event: 0.146 Thread 0x0000014a17883890 Uncommon trap: trap_request=0xffffff45 fr.pc=0x0000014a2497ba5c relative=0x000000000000005c
Event: 0.146 Thread 0x0000014a17883890 Uncommon trap: reason=unstable_if action=reinterpret pc=0x0000014a2497ba5c method=java.lang.String.isLatin1()Z @ 10 c2
Event: 0.146 Thread 0x0000014a17883890 DEOPT PACKING pc=0x0000014a2497ba5c sp=0x00000037e64fe6e0
Event: 0.146 Thread 0x0000014a17883890 DEOPT UNPACKING pc=0x0000014a242746a2 sp=0x00000037e64fe670 mode 2
Event: 0.146 Thread 0x0000014a17883890 Uncommon trap: trap_request=0xffffff45 fr.pc=0x0000014a24979cd0 relative=0x00000000000000b0
Event: 0.146 Thread 0x0000014a17883890 Uncommon trap: reason=unstable_if action=reinterpret pc=0x0000014a24979cd0 method=java.lang.String.isLatin1()Z @ 10 c2
Event: 0.146 Thread 0x0000014a17883890 DEOPT PACKING pc=0x0000014a24979cd0 sp=0x00000037e64ff090
Event: 0.146 Thread 0x0000014a17883890 DEOPT UNPACKING pc=0x0000014a242746a2 sp=0x00000037e64fefd0 mode 2

Classes loaded (20 events):
Event: 0.146 Loading class sun/nio/cs/MS1252$Holder
Event: 0.146 Loading class sun/nio/cs/MS1252$Holder done
Event: 0.146 Loading class sun/nio/cs/SingleByte
Event: 0.146 Loading class sun/nio/cs/SingleByte done
Event: 0.146 Loading class java/lang/StringCoding
Event: 0.146 Loading class java/lang/StringCoding done
Event: 0.146 Loading class jdk/internal/loader/BuiltinClassLoader$5
Event: 0.146 Loading class jdk/internal/loader/BuiltinClassLoader$5 done
Event: 0.146 Loading class jdk/internal/module/ModuleReferences$ExplodedModuleReader
Event: 0.146 Loading class jdk/internal/module/ModuleReferences$ExplodedModuleReader done
Event: 0.146 Loading class jdk/internal/module/ModulePatcher$PatchedModuleReader
Event: 0.146 Loading class jdk/internal/module/ModulePatcher$PatchedModuleReader done
Event: 0.146 Loading class jdk/internal/module/Resources
Event: 0.146 Loading class jdk/internal/module/Resources done
Event: 0.146 Loading class jdk/internal/misc/CarrierThread
Event: 0.147 Loading class java/util/concurrent/ForkJoinWorkerThread
Event: 0.147 Loading class java/util/concurrent/ForkJoinWorkerThread done
Event: 0.147 Loading class jdk/internal/misc/CarrierThread done
Event: 0.147 Loading class sun/net/util/URLUtil
Event: 0.147 Loading class sun/net/util/URLUtil done

Classes unloaded (0 events):
No events

Classes redefined (0 events):
No events

Internal exceptions (2 events):
Event: 0.120 Thread 0x0000014a17883890 Exception <a 'java/lang/NoSuchMethodError'{0x000000008c2b5b08}: 'void java.lang.invoke.DirectMethodHandle$Holder.invokeVirtual(java.lang.Object, java.lang.Object)'> (0x000000008c2b5b08) 
thrown [s\src\hotspot\share\interpreter\linkResolver.cpp, line 774]
Event: 0.121 Thread 0x0000014a17883890 Exception <a 'java/lang/NoSuchMethodError'{0x000000008c2c0eb8}: 'java.lang.Object java.lang.invoke.DirectMethodHandle$Holder.invokeInterface(java.lang.Object, java.lang.Object, java.lang.Object)'> (0x000000008c2c0eb8) 
thrown [s\src\hotspot\share\interpreter\linkResolver.cpp, line 774]

ZGC Phase Switch (0 events):
No events

VM Operations (2 events):
Event: 0.136 Executing VM operation: HandshakeAllThreads (Deoptimize)
Event: 0.136 Executing VM operation: HandshakeAllThreads (Deoptimize) done

Memory protections (0 events):
No events

Nmethod flushes (0 events):
No events

Events (14 events):
Event: 0.010 Thread 0x0000014a17883890 Thread added: 0x0000014a17883890
Event: 0.049 Thread 0x0000014a17883890 Thread added: 0x0000014a325679e0
Event: 0.049 Thread 0x0000014a17883890 Thread added: 0x0000014a32568440
Event: 0.050 Thread 0x0000014a17883890 Thread added: 0x0000014a32547990
Event: 0.050 Thread 0x0000014a17883890 Thread added: 0x0000014a32548000
Event: 0.050 Thread 0x0000014a17883890 Thread added: 0x0000014a32596f70
Event: 0.050 Thread 0x0000014a17883890 Thread added: 0x0000014a32574720
Event: 0.050 Thread 0x0000014a17883890 Thread added: 0x0000014a32597de0
Event: 0.050 Thread 0x0000014a17883890 Thread added: 0x0000014a32598c40
Event: 0.097 Thread 0x0000014a17883890 Thread added: 0x0000014a326eae30
Event: 0.137 Thread 0x0000014a32598c40 Thread added: 0x0000014a328582e0
Event: 0.137 Thread 0x0000014a32598c40 Thread added: 0x0000014a328589a0
Event: 0.137 Thread 0x0000014a32598c40 Thread added: 0x0000014a3286d220
Event: 0.145 Thread 0x0000014a17883890 Thread added: 0x0000014a328bfb50


Dynamic libraries:
0x00007ff7f1fb0000 - 0x00007ff7f1fbe000 	C:\Users\user\.p2\pool\plugins\org.eclipse.justj.openjdk.hotspot.jre.full.win32.x86_64_22.0.2.v20240802-1626\jre\bin\javaw.exe
0x00007fff8ca50000 - 0x00007fff8cc67000 	C:\WINDOWS\SYSTEM32\ntdll.dll
0x00007fff8bc50000 - 0x00007fff8bd14000 	C:\WINDOWS\System32\KERNEL32.DLL
0x00007fff89f80000 - 0x00007fff8a33a000 	C:\WINDOWS\System32\KERNELBASE.dll
0x00007fff8a370000 - 0x00007fff8a481000 	C:\WINDOWS\System32\ucrtbase.dll
0x00007fff021e0000 - 0x00007fff021fb000 	C:\Users\user\.p2\pool\plugins\org.eclipse.justj.openjdk.hotspot.jre.full.win32.x86_64_22.0.2.v20240802-1626\jre\bin\VCRUNTIME140.dll
0x00007fff02200000 - 0x00007fff02217000 	C:\Users\user\.p2\pool\plugins\org.eclipse.justj.openjdk.hotspot.jre.full.win32.x86_64_22.0.2.v20240802-1626\jre\bin\jli.dll
0x00007fff8b550000 - 0x00007fff8b6fe000 	C:\WINDOWS\System32\USER32.dll
0x00007fff702d0000 - 0x00007fff70562000 	C:\WINDOWS\WinSxS\amd64_microsoft.windows.common-controls_6595b64144ccf1df_6.0.22621.4541_none_2710d1c57384c085\COMCTL32.dll
0x00007fff8a720000 - 0x00007fff8a746000 	C:\WINDOWS\System32\win32u.dll
0x00007fff8c960000 - 0x00007fff8ca07000 	C:\WINDOWS\System32\msvcrt.dll
0x00007fff8b520000 - 0x00007fff8b549000 	C:\WINDOWS\System32\GDI32.dll
0x00007fff8a600000 - 0x00007fff8a71b000 	C:\WINDOWS\System32\gdi32full.dll
0x00007fff89ee0000 - 0x00007fff89f7a000 	C:\WINDOWS\System32\msvcp_win.dll
0x00007fff8c820000 - 0x00007fff8c851000 	C:\WINDOWS\System32\IMM32.DLL
0x00007fff021d0000 - 0x00007fff021dc000 	C:\Users\user\.p2\pool\plugins\org.eclipse.justj.openjdk.hotspot.jre.full.win32.x86_64_22.0.2.v20240802-1626\jre\bin\vcruntime140_1.dll
0x00007fff02140000 - 0x00007fff021ce000 	C:\Users\user\.p2\pool\plugins\org.eclipse.justj.openjdk.hotspot.jre.full.win32.x86_64_22.0.2.v20240802-1626\jre\bin\msvcp140.dll
0x00007fff246d0000 - 0x00007fff25493000 	C:\Users\user\.p2\pool\plugins\org.eclipse.justj.openjdk.hotspot.jre.full.win32.x86_64_22.0.2.v20240802-1626\jre\bin\server\jvm.dll
0x00007fff8a870000 - 0x00007fff8a922000 	C:\WINDOWS\System32\ADVAPI32.dll
0x00007fff8b700000 - 0x00007fff8b7a7000 	C:\WINDOWS\System32\sechost.dll
0x00007fff8a340000 - 0x00007fff8a368000 	C:\WINDOWS\System32\bcrypt.dll
0x00007fff8a750000 - 0x00007fff8a864000 	C:\WINDOWS\System32\RPCRT4.dll
0x00007fff8a9f0000 - 0x00007fff8aa61000 	C:\WINDOWS\System32\WS2_32.dll
0x00007fff88b70000 - 0x00007fff88bbd000 	C:\WINDOWS\SYSTEM32\POWRPROF.dll
0x00007fff820a0000 - 0x00007fff820aa000 	C:\WINDOWS\SYSTEM32\VERSION.dll
0x00007fff84ee0000 - 0x00007fff84f14000 	C:\WINDOWS\SYSTEM32\WINMM.dll
0x00007fff88b50000 - 0x00007fff88b63000 	C:\WINDOWS\SYSTEM32\UMPDC.dll
0x00007fff88e20000 - 0x00007fff88e38000 	C:\WINDOWS\SYSTEM32\kernel.appcore.dll
0x00007fff52e40000 - 0x00007fff52e4a000 	C:\Users\user\.p2\pool\plugins\org.eclipse.justj.openjdk.hotspot.jre.full.win32.x86_64_22.0.2.v20240802-1626\jre\bin\jimage.dll
0x00007fff87500000 - 0x00007fff87732000 	C:\WINDOWS\SYSTEM32\DBGHELP.DLL
0x00007fff8afe0000 - 0x00007fff8b36f000 	C:\WINDOWS\System32\combase.dll
0x00007fff8c6b0000 - 0x00007fff8c787000 	C:\WINDOWS\System32\OLEAUT32.dll
0x00007fff7d1d0000 - 0x00007fff7d202000 	C:\WINDOWS\SYSTEM32\dbgcore.DLL
0x00007fff89e60000 - 0x00007fff89edb000 	C:\WINDOWS\System32\bcryptPrimitives.dll
0x00007fff49cc0000 - 0x00007fff49cde000 	C:\Users\user\.p2\pool\plugins\org.eclipse.justj.openjdk.hotspot.jre.full.win32.x86_64_22.0.2.v20240802-1626\jre\bin\java.dll
0x00007fff8bd20000 - 0x00007fff8c598000 	C:\WINDOWS\System32\SHELL32.dll
0x00007fff8b370000 - 0x00007fff8b515000 	C:\WINDOWS\System32\ole32.dll
0x00007fff45700000 - 0x00007fff45717000 	C:\Users\user\.p2\pool\plugins\org.eclipse.justj.openjdk.hotspot.jre.full.win32.x86_64_22.0.2.v20240802-1626\jre\bin\zip.dll
0x00007fff87c20000 - 0x00007fff88528000 	C:\WINDOWS\SYSTEM32\windows.storage.dll
0x00007fff87ae0000 - 0x00007fff87c1f000 	C:\WINDOWS\SYSTEM32\wintypes.dll
0x00007fff8c5a0000 - 0x00007fff8c69a000 	C:\WINDOWS\System32\SHCORE.dll
0x00007fff8a990000 - 0x00007fff8a9ee000 	C:\WINDOWS\System32\shlwapi.dll
0x00007fff89c50000 - 0x00007fff89c7b000 	C:\WINDOWS\SYSTEM32\profapi.dll
0x00007fff52e30000 - 0x00007fff52e40000 	C:\Users\user\.p2\pool\plugins\org.eclipse.justj.openjdk.hotspot.jre.full.win32.x86_64_22.0.2.v20240802-1626\jre\bin\net.dll
0x00007fff892b0000 - 0x00007fff89319000 	C:\WINDOWS\system32\mswsock.dll
0x00007fff2c300000 - 0x00007fff2c316000 	C:\Users\user\.p2\pool\plugins\org.eclipse.justj.openjdk.hotspot.jre.full.win32.x86_64_22.0.2.v20240802-1626\jre\bin\nio.dll

dbghelp: loaded successfully - version: 4.0.5 - missing functions: none
symbol engine: initialized successfully - sym options: 0x614 - pdb path: .;C:\Users\user\.p2\pool\plugins\org.eclipse.justj.openjdk.hotspot.jre.full.win32.x86_64_22.0.2.v20240802-1626\jre\bin;C:\WINDOWS\SYSTEM32;C:\WINDOWS\WinSxS\amd64_microsoft.windows.common-controls_6595b64144ccf1df_6.0.22621.4541_none_2710d1c57384c085;C:\Users\user\.p2\pool\plugins\org.eclipse.justj.openjdk.hotspot.jre.full.win32.x86_64_22.0.2.v20240802-1626\jre\bin\server

VM Arguments:
jvm_args: -Dfile.encoding=UTF-8 -Dstdout.encoding=UTF-8 -Dstderr.encoding=UTF-8 --module-path=D:\JAVA_PROJECTS\Travel_and_Tourism\Travel_and_Tourism\bin -XX:+ShowCodeDetailsInExceptionMessages -Djdk.module.main=Travel_and_Tourism 
java_command: Travel_and_Tourism/TravelandTourism.Paytm
java_class_path (initial): C:\mysql-connector-j-9.0.0\mysql-connector-j-9.0.0.jar
Launcher Type: SUN_STANDARD

[Global flags]
     intx CICompilerCount                          = 12                                        {product} {ergonomic}
     uint ConcGCThreads                            = 3                                         {product} {ergonomic}
     uint G1ConcRefinementThreads                  = 13                                        {product} {ergonomic}
   size_t G1HeapRegionSize                         = 1048576                                   {product} {ergonomic}
   size_t InitialHeapSize                          = 130023424                                 {product} {ergonomic}
   size_t MarkStackSize                            = 4194304                                   {product} {ergonomic}
   size_t MaxHeapSize                              = 2071986176                                {product} {ergonomic}
   size_t MaxNewSize                               = 1242562560                                {product} {ergonomic}
   size_t MinHeapDeltaBytes                        = 1048576                                   {product} {ergonomic}
   size_t MinHeapSize                              = 8388608                                   {product} {ergonomic}
    uintx NonNMethodCodeHeapSize                   = 7602480                                {pd product} {ergonomic}
    uintx NonProfiledCodeHeapSize                  = 122027880                              {pd product} {ergonomic}
    uintx ProfiledCodeHeapSize                     = 122027880                              {pd product} {ergonomic}
    uintx ReservedCodeCacheSize                    = 251658240                              {pd product} {ergonomic}
     bool SegmentedCodeCache                       = true                                      {product} {ergonomic}
     bool ShowCodeDetailsInExceptionMessages       = true                                   {manageable} {command line}
   size_t SoftMaxHeapSize                          = 2071986176                             {manageable} {ergonomic}
     bool UseCompressedOops                        = true                           {product lp64_product} {ergonomic}
     bool UseG1GC                                  = true                                      {product} {ergonomic}
     bool UseLargePagesIndividualAllocation        = false                                  {pd product} {ergonomic}

Logging:
Log output configuration:
 #0: stdout all=warning uptime,level,tags foldmultilines=false
 #1: stderr all=off uptime,level,tags foldmultilines=false

Environment Variables:
JAVA_HOME=C:\Program Files\Java\jdk-20
PATH=C:/Users/user/.p2/pool/plugins/org.eclipse.justj.openjdk.hotspot.jre.full.win32.x86_64_22.0.2.v20240802-1626/jre/bin/server;C:/Users/user/.p2/pool/plugins/org.eclipse.justj.openjdk.hotspot.jre.full.win32.x86_64_22.0.2.v20240802-1626/jre/bin;C:\Program Files\NVIDIA GPU Computing Toolkit\CUDA\v12.6\bin;C:\Program Files\NVIDIA GPU Computing Toolkit\CUDA\v12.6\libnvvp;E:\app\oracle\product\11.2.0\server\bin;D:\app\user\product\11.2.0\dbhome_1\bin;C:\Python311\Scripts\;C:\Python311\;C:\Program Files\Common Files\Oracle\Java\javapath;C:\Windows\system32;C:\Windows;C:\Windows\System32\Wbem;C:\Windows\System32\WindowsPowerShell\v1.0\;C:\Windows\System32\OpenSSH\;C:\Program Files (x86)\NVIDIA Corporation\PhysX\Common;C:\Program Files\NVIDIA Corporation\NVIDIA NvDLISR;C:\WINDOWS\system32;C:\WINDOWS;C:\WINDOWS\System32\Wbem;C:\WINDOWS\System32\WindowsPowerShell\v1.0\;C:\WINDOWS\System32\OpenSSH\;C:\Program Files\Java\jdk-20\bin;C:\Program Files\Common Files\Oracle\Java\javapath;C:\msys64\ucrt64\bin;search-ms:displayname=Search%20Results%20in%20msys64&crumb=location:C%3A%5Cmsys64\bin;C:\ProgramData\chocolatey\bin;C:\Program Files\nodejs\;C:\Program Files\Microsoft SQL Server\140\Tools\Binn\;C:\Program Files (x86)\Microsoft SQL Server\160\Tools\Binn\;C:\Program Files\Microsoft SQL Server\160\Tools\Binn\;C:\Program Files\Microsoft SQL Server\Client SDK\ODBC\170\Tools\Binn\;C:\Program Files\Microsoft SQL Server\160\DTS\Binn\;C:\Program Files (x86)\Microsoft SQL Server\160\DTS\Binn\;C:\Program Files\Azure Data Studio\bin;C:\Program Files\Git\cmd;C:\Program Files\GitHub CLI\;C:\Program Files\NVIDIA Corporation\Nsight Compute 2024.3.1\;C:\Program Files\NVIDIA GPU Computing Toolkit\CUDA\v12.6\bin;C:\Program Files\NVIDIA GPU Computing Toolkit\CUDA\v12.6\libnvvp;C:\Users\user\AppData\Local\Microsoft\WindowsApps;C:\Users\user\AppData\Local\Programs\Microsoft VS Code\bin;C:\msys64\ucrt64\bin;C:\Program Files\JetBrains\IntelliJ IDEA 2023.1.3\bin;;C:\Program Files\JetBrains\IntelliJ IDEA Community Edition 2023.1.3\bin;;C:\Users\user\AppData\Local\GitHubDesktop\bin;C:\Users\user\AppData\Roaming\npm;C:\Program Files\Azure Data Studio\bin;C:\Users\user\eclipse\java-2024-06\eclipse;
USERNAME=user
OS=Windows_NT
PROCESSOR_IDENTIFIER=Intel64 Family 6 Model 154 Stepping 3, GenuineIntel
TMP=C:\Users\user\AppData\Local\Temp
TEMP=C:\Users\user\AppData\Local\Temp




Periodic native trim disabled

---------------  S Y S T E M  ---------------

OS:
 Windows 11 , 64 bit Build 22621 (10.0.22621.4391)
OS uptime: 0 days 8:50 hours
Hyper-V role detected

CPU: total 16 (initial active 16) (8 cores per cpu, 2 threads per core) family 6 model 154 stepping 3 microcode 0x41b, cx8, cmov, fxsr, ht, mmx, 3dnowpref, sse, sse2, sse3, ssse3, sse4.1, sse4.2, popcnt, lzcnt, tsc, tscinvbit, avx, avx2, aes, erms, clmul, bmi1, bmi2, adx, sha, fma, vzeroupper, clflush, clflushopt, clwb, hv, serialize, rdtscp, rdpid, fsrm, f16c, cet_ibt, cet_ss
Processor Information for processor 0
  Max Mhz: 1700, Current Mhz: 1700, Mhz Limit: 1700
Processor Information for processor 1
  Max Mhz: 1700, Current Mhz: 1457, Mhz Limit: 1700
Processor Information for processor 2
  Max Mhz: 1700, Current Mhz: 1700, Mhz Limit: 1700
Processor Information for processor 3
  Max Mhz: 1700, Current Mhz: 1700, Mhz Limit: 1700
Processor Information for processor 4
  Max Mhz: 1700, Current Mhz: 1700, Mhz Limit: 1700
Processor Information for processor 5
  Max Mhz: 1700, Current Mhz: 1700, Mhz Limit: 1700
Processor Information for processor 6
  Max Mhz: 1700, Current Mhz: 1700, Mhz Limit: 1700
Processor Information for processor 7
  Max Mhz: 1700, Current Mhz: 1457, Mhz Limit: 1700
Processor Information for processor 8
  Max Mhz: 1700, Current Mhz: 1200, Mhz Limit: 1190
Processor Information for processor 9
  Max Mhz: 1700, Current Mhz: 1200, Mhz Limit: 1190
Processor Information for processor 10
  Max Mhz: 1700, Current Mhz: 1200, Mhz Limit: 1190
Processor Information for processor 11
  Max Mhz: 1700, Current Mhz: 1200, Mhz Limit: 1190
Processor Information for processor 12
  Max Mhz: 1700, Current Mhz: 1200, Mhz Limit: 1190
Processor Information for processor 13
  Max Mhz: 1700, Current Mhz: 1200, Mhz Limit: 1190
Processor Information for processor 14
  Max Mhz: 1700, Current Mhz: 1200, Mhz Limit: 1190
Processor Information for processor 15
  Max Mhz: 1700, Current Mhz: 1200, Mhz Limit: 1190

Memory: 4k page, system-wide physical 7901M (768M free)
TotalPageFile size 31621M (AvailPageFile size 0M)
current process WorkingSet (physical memory assigned to process): 43M, peak: 43M
current process commit charge ("private bytes"): 216M, peak: 216M

vm_info: OpenJDK 64-Bit Server VM (22.0.2+9) for windows-amd64 JRE (22.0.2+9), built on 2024-07-16T00:00:00Z by "admin" with MS VC++ 17.7 (VS2022)

END.
